Performing C SOURCE FILE Test CMAKE_HAVE_LIBC_PTHREAD failed with the following output:
Change Dir: /root/workspace/Simulator-Instance/cmake/build/CMakeFiles/CMakeScratch/TryCompile-mgN1OC

Run Build Command(s):/usr/bin/make -f Makefile cmTC_be222/fast && /usr/bin/make  -f CMakeFiles/cmTC_be222.dir/build.make CMakeFiles/cmTC_be222.dir/build
make[1]: Entering directory '/root/workspace/Simulator-Instance/cmake/build/CMakeFiles/CMakeScratch/TryCompile-mgN1OC'
Building C object CMakeFiles/cmTC_be222.dir/src.c.o
/usr/bin/cc -DCMAKE_HAVE_LIBC_PTHREAD   -o CMakeFiles/cmTC_be222.dir/src.c.o -c /root/workspace/Simulator-Instance/cmake/build/CMakeFiles/CMakeScratch/TryCompile-mgN1OC/src.c
Linking C executable cmTC_be222
/usr/local/bin/cmake -E cmake_link_script CMakeFiles/cmTC_be222.dir/link.txt --verbose=1
/usr/bin/cc CMakeFiles/cmTC_be222.dir/src.c.o -o cmTC_be222 
CMakeFiles/cmTC_be222.dir/src.c.o: In function `main':
src.c:(.text+0x3e): undefined reference to `pthread_create'
src.c:(.text+0x4a): undefined reference to `pthread_detach'
src.c:(.text+0x56): undefined reference to `pthread_cancel'
src.c:(.text+0x67): undefined reference to `pthread_join'
src.c:(.text+0x7b): undefined reference to `pthread_atfork'
collect2: error: ld returned 1 exit status
CMakeFiles/cmTC_be222.dir/build.make:98: recipe for target 'cmTC_be222' failed
make[1]: *** [cmTC_be222] Error 1
make[1]: Leaving directory '/root/workspace/Simulator-Instance/cmake/build/CMakeFiles/CMakeScratch/TryCompile-mgN1OC'
Makefile:127: recipe for target 'cmTC_be222/fast' failed
make: *** [cmTC_be222/fast] Error 2


Source file was:
#include <pthread.h>

static void* test_func(void* data)
{
  return data;
}

int main(void)
{
  pthread_t thread;
  pthread_create(&thread, NULL, test_func, NULL);
  pthread_detach(thread);
  pthread_cancel(thread);
  pthread_join(thread, NULL);
  pthread_atfork(NULL, NULL, NULL);
  pthread_exit(NULL);

  return 0;
}


Determining if the function pthread_create exists in the pthreads failed with the following output:
Change Dir: /root/workspace/Simulator-Instance/cmake/build/CMakeFiles/CMakeScratch/TryCompile-aowiWw

Run Build Command(s):/usr/bin/make -f Makefile cmTC_0b276/fast && /usr/bin/make  -f CMakeFiles/cmTC_0b276.dir/build.make CMakeFiles/cmTC_0b276.dir/build
make[1]: Entering directory '/root/workspace/Simulator-Instance/cmake/build/CMakeFiles/CMakeScratch/TryCompile-aowiWw'
Building C object CMakeFiles/cmTC_0b276.dir/CheckFunctionExists.c.o
/usr/bin/cc   -DCHECK_FUNCTION_EXISTS=pthread_create -o CMakeFiles/cmTC_0b276.dir/CheckFunctionExists.c.o -c /root/workspace/Simulator-Instance/cmake/build/CMakeFiles/CMakeScratch/TryCompile-aowiWw/CheckFunctionExists.c
Linking C executable cmTC_0b276
/usr/local/bin/cmake -E cmake_link_script CMakeFiles/cmTC_0b276.dir/link.txt --verbose=1
/usr/bin/cc  -DCHECK_FUNCTION_EXISTS=pthread_create CMakeFiles/cmTC_0b276.dir/CheckFunctionExists.c.o -o cmTC_0b276  -lpthreads 
/usr/bin/ld: cannot find -lpthreads
collect2: error: ld returned 1 exit status
CMakeFiles/cmTC_0b276.dir/build.make:98: recipe for target 'cmTC_0b276' failed
make[1]: *** [cmTC_0b276] Error 1
make[1]: Leaving directory '/root/workspace/Simulator-Instance/cmake/build/CMakeFiles/CMakeScratch/TryCompile-aowiWw'
Makefile:127: recipe for target 'cmTC_0b276/fast' failed
make: *** [cmTC_0b276/fast] Error 2



Performing C SOURCE FILE Test CMAKE_HAVE_LIBC_PTHREAD failed with the following output:
Change Dir: /root/workspace/keti/Simulator-Instance/build/cmake/build/CMakeFiles/CMakeScratch/TryCompile-aS7Nld

Run Build Command(s):/usr/bin/make -f Makefile cmTC_1ae97/fast && /usr/bin/make  -f CMakeFiles/cmTC_1ae97.dir/build.make CMakeFiles/cmTC_1ae97.dir/build
make[1]: Entering directory '/root/workspace/keti/Simulator-Instance/build/cmake/build/CMakeFiles/CMakeScratch/TryCompile-aS7Nld'
Building C object CMakeFiles/cmTC_1ae97.dir/src.c.o
/usr/bin/cc -DCMAKE_HAVE_LIBC_PTHREAD   -o CMakeFiles/cmTC_1ae97.dir/src.c.o -c /root/workspace/keti/Simulator-Instance/build/cmake/build/CMakeFiles/CMakeScratch/TryCompile-aS7Nld/src.c
Linking C executable cmTC_1ae97
/usr/local/bin/cmake -E cmake_link_script CMakeFiles/cmTC_1ae97.dir/link.txt --verbose=1
/usr/bin/cc CMakeFiles/cmTC_1ae97.dir/src.c.o -o cmTC_1ae97 
CMakeFiles/cmTC_1ae97.dir/src.c.o: In function `main':
src.c:(.text+0x3e): undefined reference to `pthread_create'
src.c:(.text+0x4a): undefined reference to `pthread_detach'
src.c:(.text+0x56): undefined reference to `pthread_cancel'
src.c:(.text+0x67): undefined reference to `pthread_join'
src.c:(.text+0x7b): undefined reference to `pthread_atfork'
collect2: error: ld returned 1 exit status
CMakeFiles/cmTC_1ae97.dir/build.make:98: recipe for target 'cmTC_1ae97' failed
make[1]: *** [cmTC_1ae97] Error 1
make[1]: Leaving directory '/root/workspace/keti/Simulator-Instance/build/cmake/build/CMakeFiles/CMakeScratch/TryCompile-aS7Nld'
Makefile:127: recipe for target 'cmTC_1ae97/fast' failed
make: *** [cmTC_1ae97/fast] Error 2


Source file was:
#include <pthread.h>

static void* test_func(void* data)
{
  return data;
}

int main(void)
{
  pthread_t thread;
  pthread_create(&thread, NULL, test_func, NULL);
  pthread_detach(thread);
  pthread_cancel(thread);
  pthread_join(thread, NULL);
  pthread_atfork(NULL, NULL, NULL);
  pthread_exit(NULL);

  return 0;
}


Determining if the function pthread_create exists in the pthreads failed with the following output:
Change Dir: /root/workspace/keti/Simulator-Instance/build/cmake/build/CMakeFiles/CMakeScratch/TryCompile-vDIW71

Run Build Command(s):/usr/bin/make -f Makefile cmTC_94ee1/fast && /usr/bin/make  -f CMakeFiles/cmTC_94ee1.dir/build.make CMakeFiles/cmTC_94ee1.dir/build
make[1]: Entering directory '/root/workspace/keti/Simulator-Instance/build/cmake/build/CMakeFiles/CMakeScratch/TryCompile-vDIW71'
Building C object CMakeFiles/cmTC_94ee1.dir/CheckFunctionExists.c.o
/usr/bin/cc   -DCHECK_FUNCTION_EXISTS=pthread_create -o CMakeFiles/cmTC_94ee1.dir/CheckFunctionExists.c.o -c /root/workspace/keti/Simulator-Instance/build/cmake/build/CMakeFiles/CMakeScratch/TryCompile-vDIW71/CheckFunctionExists.c
Linking C executable cmTC_94ee1
/usr/local/bin/cmake -E cmake_link_script CMakeFiles/cmTC_94ee1.dir/link.txt --verbose=1
/usr/bin/cc  -DCHECK_FUNCTION_EXISTS=pthread_create CMakeFiles/cmTC_94ee1.dir/CheckFunctionExists.c.o -o cmTC_94ee1  -lpthreads 
/usr/bin/ld: cannot find -lpthreads
collect2: error: ld returned 1 exit status
CMakeFiles/cmTC_94ee1.dir/build.make:98: recipe for target 'cmTC_94ee1' failed
make[1]: *** [cmTC_94ee1] Error 1
make[1]: Leaving directory '/root/workspace/keti/Simulator-Instance/build/cmake/build/CMakeFiles/CMakeScratch/TryCompile-vDIW71'
Makefile:127: recipe for target 'cmTC_94ee1/fast' failed
make: *** [cmTC_94ee1/fast] Error 2



Performing C SOURCE FILE Test CMAKE_HAVE_LIBC_PTHREAD failed with the following output:
Change Dir: /root/workspace/keti/Validator-Instance/build/cmake/build/CMakeFiles/CMakeScratch/TryCompile-v03H9s

Run Build Command(s):/usr/bin/make -f Makefile cmTC_38816/fast && /usr/bin/make  -f CMakeFiles/cmTC_38816.dir/build.make CMakeFiles/cmTC_38816.dir/build
make[1]: Entering directory '/root/workspace/keti/Validator-Instance/build/cmake/build/CMakeFiles/CMakeScratch/TryCompile-v03H9s'
Building C object CMakeFiles/cmTC_38816.dir/src.c.o
/usr/bin/cc -DCMAKE_HAVE_LIBC_PTHREAD   -o CMakeFiles/cmTC_38816.dir/src.c.o -c /root/workspace/keti/Validator-Instance/build/cmake/build/CMakeFiles/CMakeScratch/TryCompile-v03H9s/src.c
Linking C executable cmTC_38816
/usr/local/bin/cmake -E cmake_link_script CMakeFiles/cmTC_38816.dir/link.txt --verbose=1
/usr/bin/cc CMakeFiles/cmTC_38816.dir/src.c.o -o cmTC_38816 
CMakeFiles/cmTC_38816.dir/src.c.o: In function `main':
src.c:(.text+0x3e): undefined reference to `pthread_create'
src.c:(.text+0x4a): undefined reference to `pthread_detach'
src.c:(.text+0x56): undefined reference to `pthread_cancel'
src.c:(.text+0x67): undefined reference to `pthread_join'
src.c:(.text+0x7b): undefined reference to `pthread_atfork'
collect2: error: ld returned 1 exit status
CMakeFiles/cmTC_38816.dir/build.make:98: recipe for target 'cmTC_38816' failed
make[1]: *** [cmTC_38816] Error 1
make[1]: Leaving directory '/root/workspace/keti/Validator-Instance/build/cmake/build/CMakeFiles/CMakeScratch/TryCompile-v03H9s'
Makefile:127: recipe for target 'cmTC_38816/fast' failed
make: *** [cmTC_38816/fast] Error 2


Source file was:
#include <pthread.h>

static void* test_func(void* data)
{
  return data;
}

int main(void)
{
  pthread_t thread;
  pthread_create(&thread, NULL, test_func, NULL);
  pthread_detach(thread);
  pthread_cancel(thread);
  pthread_join(thread, NULL);
  pthread_atfork(NULL, NULL, NULL);
  pthread_exit(NULL);

  return 0;
}


Determining if the function pthread_create exists in the pthreads failed with the following output:
Change Dir: /root/workspace/keti/Validator-Instance/build/cmake/build/CMakeFiles/CMakeScratch/TryCompile-yr2tRy

Run Build Command(s):/usr/bin/make -f Makefile cmTC_23992/fast && /usr/bin/make  -f CMakeFiles/cmTC_23992.dir/build.make CMakeFiles/cmTC_23992.dir/build
make[1]: Entering directory '/root/workspace/keti/Validator-Instance/build/cmake/build/CMakeFiles/CMakeScratch/TryCompile-yr2tRy'
Building C object CMakeFiles/cmTC_23992.dir/CheckFunctionExists.c.o
/usr/bin/cc   -DCHECK_FUNCTION_EXISTS=pthread_create -o CMakeFiles/cmTC_23992.dir/CheckFunctionExists.c.o -c /root/workspace/keti/Validator-Instance/build/cmake/build/CMakeFiles/CMakeScratch/TryCompile-yr2tRy/CheckFunctionExists.c
Linking C executable cmTC_23992
/usr/local/bin/cmake -E cmake_link_script CMakeFiles/cmTC_23992.dir/link.txt --verbose=1
/usr/bin/cc  -DCHECK_FUNCTION_EXISTS=pthread_create CMakeFiles/cmTC_23992.dir/CheckFunctionExists.c.o -o cmTC_23992  -lpthreads 
/usr/bin/ld: cannot find -lpthreads
collect2: error: ld returned 1 exit status
CMakeFiles/cmTC_23992.dir/build.make:98: recipe for target 'cmTC_23992' failed
make[1]: *** [cmTC_23992] Error 1
make[1]: Leaving directory '/root/workspace/keti/Validator-Instance/build/cmake/build/CMakeFiles/CMakeScratch/TryCompile-yr2tRy'
Makefile:127: recipe for target 'cmTC_23992/fast' failed
make: *** [cmTC_23992/fast] Error 2



Performing C SOURCE FILE Test CMAKE_HAVE_LIBC_PTHREAD failed with the following output:
Change Dir: /root/workspace/keti/Validator-Instance/build/cmake/build/CMakeFiles/CMakeScratch/TryCompile-NW4IEx

Run Build Command(s):/usr/bin/make -f Makefile cmTC_e2ff4/fast && /usr/bin/make  -f CMakeFiles/cmTC_e2ff4.dir/build.make CMakeFiles/cmTC_e2ff4.dir/build
make[1]: Entering directory '/root/workspace/keti/Validator-Instance/build/cmake/build/CMakeFiles/CMakeScratch/TryCompile-NW4IEx'
Building C object CMakeFiles/cmTC_e2ff4.dir/src.c.o
/usr/bin/cc -DCMAKE_HAVE_LIBC_PTHREAD   -o CMakeFiles/cmTC_e2ff4.dir/src.c.o -c /root/workspace/keti/Validator-Instance/build/cmake/build/CMakeFiles/CMakeScratch/TryCompile-NW4IEx/src.c
Linking C executable cmTC_e2ff4
/usr/local/bin/cmake -E cmake_link_script CMakeFiles/cmTC_e2ff4.dir/link.txt --verbose=1
/usr/bin/cc CMakeFiles/cmTC_e2ff4.dir/src.c.o -o cmTC_e2ff4 
CMakeFiles/cmTC_e2ff4.dir/src.c.o: In function `main':
src.c:(.text+0x3e): undefined reference to `pthread_create'
src.c:(.text+0x4a): undefined reference to `pthread_detach'
src.c:(.text+0x56): undefined reference to `pthread_cancel'
src.c:(.text+0x67): undefined reference to `pthread_join'
src.c:(.text+0x7b): undefined reference to `pthread_atfork'
collect2: error: ld returned 1 exit status
CMakeFiles/cmTC_e2ff4.dir/build.make:98: recipe for target 'cmTC_e2ff4' failed
make[1]: *** [cmTC_e2ff4] Error 1
make[1]: Leaving directory '/root/workspace/keti/Validator-Instance/build/cmake/build/CMakeFiles/CMakeScratch/TryCompile-NW4IEx'
Makefile:127: recipe for target 'cmTC_e2ff4/fast' failed
make: *** [cmTC_e2ff4/fast] Error 2


Source file was:
#include <pthread.h>

static void* test_func(void* data)
{
  return data;
}

int main(void)
{
  pthread_t thread;
  pthread_create(&thread, NULL, test_func, NULL);
  pthread_detach(thread);
  pthread_cancel(thread);
  pthread_join(thread, NULL);
  pthread_atfork(NULL, NULL, NULL);
  pthread_exit(NULL);

  return 0;
}


Determining if the function pthread_create exists in the pthreads failed with the following output:
Change Dir: /root/workspace/keti/Validator-Instance/build/cmake/build/CMakeFiles/CMakeScratch/TryCompile-kmWLll

Run Build Command(s):/usr/bin/make -f Makefile cmTC_da737/fast && /usr/bin/make  -f CMakeFiles/cmTC_da737.dir/build.make CMakeFiles/cmTC_da737.dir/build
make[1]: Entering directory '/root/workspace/keti/Validator-Instance/build/cmake/build/CMakeFiles/CMakeScratch/TryCompile-kmWLll'
Building C object CMakeFiles/cmTC_da737.dir/CheckFunctionExists.c.o
/usr/bin/cc   -DCHECK_FUNCTION_EXISTS=pthread_create -o CMakeFiles/cmTC_da737.dir/CheckFunctionExists.c.o -c /root/workspace/keti/Validator-Instance/build/cmake/build/CMakeFiles/CMakeScratch/TryCompile-kmWLll/CheckFunctionExists.c
Linking C executable cmTC_da737
/usr/local/bin/cmake -E cmake_link_script CMakeFiles/cmTC_da737.dir/link.txt --verbose=1
/usr/bin/cc  -DCHECK_FUNCTION_EXISTS=pthread_create CMakeFiles/cmTC_da737.dir/CheckFunctionExists.c.o -o cmTC_da737  -lpthreads 
/usr/bin/ld: cannot find -lpthreads
collect2: error: ld returned 1 exit status
CMakeFiles/cmTC_da737.dir/build.make:98: recipe for target 'cmTC_da737' failed
make[1]: *** [cmTC_da737] Error 1
make[1]: Leaving directory '/root/workspace/keti/Validator-Instance/build/cmake/build/CMakeFiles/CMakeScratch/TryCompile-kmWLll'
Makefile:127: recipe for target 'cmTC_da737/fast' failed
make: *** [cmTC_da737/fast] Error 2



Performing C SOURCE FILE Test CMAKE_HAVE_LIBC_PTHREAD failed with the following output:
Change Dir: /root/workspace/keti/Validator-Instance/build/cmake/build/CMakeFiles/CMakeScratch/TryCompile-PnV8BH

Run Build Command(s):/usr/bin/make -f Makefile cmTC_db715/fast && /usr/bin/make  -f CMakeFiles/cmTC_db715.dir/build.make CMakeFiles/cmTC_db715.dir/build
make[1]: Entering directory '/root/workspace/keti/Validator-Instance/build/cmake/build/CMakeFiles/CMakeScratch/TryCompile-PnV8BH'
Building C object CMakeFiles/cmTC_db715.dir/src.c.o
/usr/bin/cc -DCMAKE_HAVE_LIBC_PTHREAD   -o CMakeFiles/cmTC_db715.dir/src.c.o -c /root/workspace/keti/Validator-Instance/build/cmake/build/CMakeFiles/CMakeScratch/TryCompile-PnV8BH/src.c
Linking C executable cmTC_db715
/usr/local/bin/cmake -E cmake_link_script CMakeFiles/cmTC_db715.dir/link.txt --verbose=1
/usr/bin/cc CMakeFiles/cmTC_db715.dir/src.c.o -o cmTC_db715 
CMakeFiles/cmTC_db715.dir/src.c.o: In function `main':
src.c:(.text+0x3e): undefined reference to `pthread_create'
src.c:(.text+0x4a): undefined reference to `pthread_detach'
src.c:(.text+0x56): undefined reference to `pthread_cancel'
src.c:(.text+0x67): undefined reference to `pthread_join'
src.c:(.text+0x7b): undefined reference to `pthread_atfork'
collect2: error: ld returned 1 exit status
CMakeFiles/cmTC_db715.dir/build.make:98: recipe for target 'cmTC_db715' failed
make[1]: *** [cmTC_db715] Error 1
make[1]: Leaving directory '/root/workspace/keti/Validator-Instance/build/cmake/build/CMakeFiles/CMakeScratch/TryCompile-PnV8BH'
Makefile:127: recipe for target 'cmTC_db715/fast' failed
make: *** [cmTC_db715/fast] Error 2


Source file was:
#include <pthread.h>

static void* test_func(void* data)
{
  return data;
}

int main(void)
{
  pthread_t thread;
  pthread_create(&thread, NULL, test_func, NULL);
  pthread_detach(thread);
  pthread_cancel(thread);
  pthread_join(thread, NULL);
  pthread_atfork(NULL, NULL, NULL);
  pthread_exit(NULL);

  return 0;
}


Determining if the function pthread_create exists in the pthreads failed with the following output:
Change Dir: /root/workspace/keti/Validator-Instance/build/cmake/build/CMakeFiles/CMakeScratch/TryCompile-A1U2Bj

Run Build Command(s):/usr/bin/make -f Makefile cmTC_7b118/fast && /usr/bin/make  -f CMakeFiles/cmTC_7b118.dir/build.make CMakeFiles/cmTC_7b118.dir/build
make[1]: Entering directory '/root/workspace/keti/Validator-Instance/build/cmake/build/CMakeFiles/CMakeScratch/TryCompile-A1U2Bj'
Building C object CMakeFiles/cmTC_7b118.dir/CheckFunctionExists.c.o
/usr/bin/cc   -DCHECK_FUNCTION_EXISTS=pthread_create -o CMakeFiles/cmTC_7b118.dir/CheckFunctionExists.c.o -c /root/workspace/keti/Validator-Instance/build/cmake/build/CMakeFiles/CMakeScratch/TryCompile-A1U2Bj/CheckFunctionExists.c
Linking C executable cmTC_7b118
/usr/local/bin/cmake -E cmake_link_script CMakeFiles/cmTC_7b118.dir/link.txt --verbose=1
/usr/bin/cc  -DCHECK_FUNCTION_EXISTS=pthread_create CMakeFiles/cmTC_7b118.dir/CheckFunctionExists.c.o -o cmTC_7b118  -lpthreads 
/usr/bin/ld: cannot find -lpthreads
collect2: error: ld returned 1 exit status
CMakeFiles/cmTC_7b118.dir/build.make:98: recipe for target 'cmTC_7b118' failed
make[1]: *** [cmTC_7b118] Error 1
make[1]: Leaving directory '/root/workspace/keti/Validator-Instance/build/cmake/build/CMakeFiles/CMakeScratch/TryCompile-A1U2Bj'
Makefile:127: recipe for target 'cmTC_7b118/fast' failed
make: *** [cmTC_7b118/fast] Error 2



Performing C SOURCE FILE Test CMAKE_HAVE_LIBC_PTHREAD failed with the following output:
Change Dir: /root/workspace/keti/Validator-Instance/build/cmake/build/CMakeFiles/CMakeScratch/TryCompile-5mPhaP

Run Build Command(s):/usr/bin/make -f Makefile cmTC_6a4bc/fast && /usr/bin/make  -f CMakeFiles/cmTC_6a4bc.dir/build.make CMakeFiles/cmTC_6a4bc.dir/build
make[1]: Entering directory '/root/workspace/keti/Validator-Instance/build/cmake/build/CMakeFiles/CMakeScratch/TryCompile-5mPhaP'
Building C object CMakeFiles/cmTC_6a4bc.dir/src.c.o
/usr/bin/cc -DCMAKE_HAVE_LIBC_PTHREAD   -o CMakeFiles/cmTC_6a4bc.dir/src.c.o -c /root/workspace/keti/Validator-Instance/build/cmake/build/CMakeFiles/CMakeScratch/TryCompile-5mPhaP/src.c
Linking C executable cmTC_6a4bc
/usr/local/bin/cmake -E cmake_link_script CMakeFiles/cmTC_6a4bc.dir/link.txt --verbose=1
/usr/bin/cc CMakeFiles/cmTC_6a4bc.dir/src.c.o -o cmTC_6a4bc 
CMakeFiles/cmTC_6a4bc.dir/src.c.o: In function `main':
src.c:(.text+0x3e): undefined reference to `pthread_create'
src.c:(.text+0x4a): undefined reference to `pthread_detach'
src.c:(.text+0x56): undefined reference to `pthread_cancel'
src.c:(.text+0x67): undefined reference to `pthread_join'
src.c:(.text+0x7b): undefined reference to `pthread_atfork'
collect2: error: ld returned 1 exit status
CMakeFiles/cmTC_6a4bc.dir/build.make:98: recipe for target 'cmTC_6a4bc' failed
make[1]: *** [cmTC_6a4bc] Error 1
make[1]: Leaving directory '/root/workspace/keti/Validator-Instance/build/cmake/build/CMakeFiles/CMakeScratch/TryCompile-5mPhaP'
Makefile:127: recipe for target 'cmTC_6a4bc/fast' failed
make: *** [cmTC_6a4bc/fast] Error 2


Source file was:
#include <pthread.h>

static void* test_func(void* data)
{
  return data;
}

int main(void)
{
  pthread_t thread;
  pthread_create(&thread, NULL, test_func, NULL);
  pthread_detach(thread);
  pthread_cancel(thread);
  pthread_join(thread, NULL);
  pthread_atfork(NULL, NULL, NULL);
  pthread_exit(NULL);

  return 0;
}


Determining if the function pthread_create exists in the pthreads failed with the following output:
Change Dir: /root/workspace/keti/Validator-Instance/build/cmake/build/CMakeFiles/CMakeScratch/TryCompile-2NQyGN

Run Build Command(s):/usr/bin/make -f Makefile cmTC_94465/fast && /usr/bin/make  -f CMakeFiles/cmTC_94465.dir/build.make CMakeFiles/cmTC_94465.dir/build
make[1]: Entering directory '/root/workspace/keti/Validator-Instance/build/cmake/build/CMakeFiles/CMakeScratch/TryCompile-2NQyGN'
Building C object CMakeFiles/cmTC_94465.dir/CheckFunctionExists.c.o
/usr/bin/cc   -DCHECK_FUNCTION_EXISTS=pthread_create -o CMakeFiles/cmTC_94465.dir/CheckFunctionExists.c.o -c /root/workspace/keti/Validator-Instance/build/cmake/build/CMakeFiles/CMakeScratch/TryCompile-2NQyGN/CheckFunctionExists.c
Linking C executable cmTC_94465
/usr/local/bin/cmake -E cmake_link_script CMakeFiles/cmTC_94465.dir/link.txt --verbose=1
/usr/bin/cc  -DCHECK_FUNCTION_EXISTS=pthread_create CMakeFiles/cmTC_94465.dir/CheckFunctionExists.c.o -o cmTC_94465  -lpthreads 
/usr/bin/ld: cannot find -lpthreads
collect2: error: ld returned 1 exit status
CMakeFiles/cmTC_94465.dir/build.make:98: recipe for target 'cmTC_94465' failed
make[1]: *** [cmTC_94465] Error 1
make[1]: Leaving directory '/root/workspace/keti/Validator-Instance/build/cmake/build/CMakeFiles/CMakeScratch/TryCompile-2NQyGN'
Makefile:127: recipe for target 'cmTC_94465/fast' failed
make: *** [cmTC_94465/fast] Error 2



