Performing C SOURCE FILE Test CMAKE_HAVE_LIBC_PTHREAD failed with the following output:
Change Dir: /root/workspace/Simulator-Instance/CMakeFiles/CMakeScratch/TryCompile-d1QcHA

Run Build Command(s):/usr/bin/make -f Makefile cmTC_59eb1/fast && /usr/bin/make  -f CMakeFiles/cmTC_59eb1.dir/build.make CMakeFiles/cmTC_59eb1.dir/build
make[1]: Entering directory '/root/workspace/Simulator-Instance/CMakeFiles/CMakeScratch/TryCompile-d1QcHA'
Building C object CMakeFiles/cmTC_59eb1.dir/src.c.o
/usr/bin/cc -DCMAKE_HAVE_LIBC_PTHREAD   -o CMakeFiles/cmTC_59eb1.dir/src.c.o -c /root/workspace/Simulator-Instance/CMakeFiles/CMakeScratch/TryCompile-d1QcHA/src.c
Linking C executable cmTC_59eb1
/usr/local/bin/cmake -E cmake_link_script CMakeFiles/cmTC_59eb1.dir/link.txt --verbose=1
/usr/bin/cc CMakeFiles/cmTC_59eb1.dir/src.c.o -o cmTC_59eb1 
CMakeFiles/cmTC_59eb1.dir/src.c.o: In function `main':
src.c:(.text+0x3e): undefined reference to `pthread_create'
src.c:(.text+0x4a): undefined reference to `pthread_detach'
src.c:(.text+0x56): undefined reference to `pthread_cancel'
src.c:(.text+0x67): undefined reference to `pthread_join'
src.c:(.text+0x7b): undefined reference to `pthread_atfork'
collect2: error: ld returned 1 exit status
CMakeFiles/cmTC_59eb1.dir/build.make:98: recipe for target 'cmTC_59eb1' failed
make[1]: *** [cmTC_59eb1] Error 1
make[1]: Leaving directory '/root/workspace/Simulator-Instance/CMakeFiles/CMakeScratch/TryCompile-d1QcHA'
Makefile:127: recipe for target 'cmTC_59eb1/fast' failed
make: *** [cmTC_59eb1/fast] Error 2


Source file was:
#include <pthread.h>

static void* test_func(void* data)
{
  return data;
}

int main(void)
{
  pthread_t thread;
  pthread_create(&thread, NULL, test_func, NULL);
  pthread_detach(thread);
  pthread_cancel(thread);
  pthread_join(thread, NULL);
  pthread_atfork(NULL, NULL, NULL);
  pthread_exit(NULL);

  return 0;
}


Determining if the function pthread_create exists in the pthreads failed with the following output:
Change Dir: /root/workspace/Simulator-Instance/CMakeFiles/CMakeScratch/TryCompile-eB7WIH

Run Build Command(s):/usr/bin/make -f Makefile cmTC_a0a87/fast && /usr/bin/make  -f CMakeFiles/cmTC_a0a87.dir/build.make CMakeFiles/cmTC_a0a87.dir/build
make[1]: Entering directory '/root/workspace/Simulator-Instance/CMakeFiles/CMakeScratch/TryCompile-eB7WIH'
Building C object CMakeFiles/cmTC_a0a87.dir/CheckFunctionExists.c.o
/usr/bin/cc   -DCHECK_FUNCTION_EXISTS=pthread_create -o CMakeFiles/cmTC_a0a87.dir/CheckFunctionExists.c.o -c /root/workspace/Simulator-Instance/CMakeFiles/CMakeScratch/TryCompile-eB7WIH/CheckFunctionExists.c
Linking C executable cmTC_a0a87
/usr/local/bin/cmake -E cmake_link_script CMakeFiles/cmTC_a0a87.dir/link.txt --verbose=1
/usr/bin/cc  -DCHECK_FUNCTION_EXISTS=pthread_create CMakeFiles/cmTC_a0a87.dir/CheckFunctionExists.c.o -o cmTC_a0a87  -lpthreads 
/usr/bin/ld: cannot find -lpthreads
collect2: error: ld returned 1 exit status
CMakeFiles/cmTC_a0a87.dir/build.make:98: recipe for target 'cmTC_a0a87' failed
make[1]: *** [cmTC_a0a87] Error 1
make[1]: Leaving directory '/root/workspace/Simulator-Instance/CMakeFiles/CMakeScratch/TryCompile-eB7WIH'
Makefile:127: recipe for target 'cmTC_a0a87/fast' failed
make: *** [cmTC_a0a87/fast] Error 2



