Performing C SOURCE FILE Test CMAKE_HAVE_LIBC_PTHREAD failed with the following output:
Change Dir: /root/workspace/Simulator-Instance/cmake/build/CMakeFiles/CMakeScratch/TryCompile-mgN1OC

Run Build Command(s):/usr/bin/make -f Makefile cmTC_be222/fast && /usr/bin/make  -f CMakeFiles/cmTC_be222.dir/build.make CMakeFiles/cmTC_be222.dir/build
make[1]: Entering directory '/root/workspace/Simulator-Instance/cmake/build/CMakeFiles/CMakeScratch/TryCompile-mgN1OC'
Building C object CMakeFiles/cmTC_be222.dir/src.c.o
/usr/bin/cc -DCMAKE_HAVE_LIBC_PTHREAD   -o CMakeFiles/cmTC_be222.dir/src.c.o -c /root/workspace/Simulator-Instance/cmake/build/CMakeFiles/CMakeScratch/TryCompile-mgN1OC/src.c
Linking C executable cmTC_be222
/usr/local/bin/cmake -E cmake_link_script CMakeFiles/cmTC_be222.dir/link.txt --verbose=1
/usr/bin/cc CMakeFiles/cmTC_be222.dir/src.c.o -o cmTC_be222 
CMakeFiles/cmTC_be222.dir/src.c.o: In function `main':
src.c:(.text+0x3e): undefined reference to `pthread_create'
src.c:(.text+0x4a): undefined reference to `pthread_detach'
src.c:(.text+0x56): undefined reference to `pthread_cancel'
src.c:(.text+0x67): undefined reference to `pthread_join'
src.c:(.text+0x7b): undefined reference to `pthread_atfork'
collect2: error: ld returned 1 exit status
CMakeFiles/cmTC_be222.dir/build.make:98: recipe for target 'cmTC_be222' failed
make[1]: *** [cmTC_be222] Error 1
make[1]: Leaving directory '/root/workspace/Simulator-Instance/cmake/build/CMakeFiles/CMakeScratch/TryCompile-mgN1OC'
Makefile:127: recipe for target 'cmTC_be222/fast' failed
make: *** [cmTC_be222/fast] Error 2


Source file was:
#include <pthread.h>

static void* test_func(void* data)
{
  return data;
}

int main(void)
{
  pthread_t thread;
  pthread_create(&thread, NULL, test_func, NULL);
  pthread_detach(thread);
  pthread_cancel(thread);
  pthread_join(thread, NULL);
  pthread_atfork(NULL, NULL, NULL);
  pthread_exit(NULL);

  return 0;
}


Determining if the function pthread_create exists in the pthreads failed with the following output:
Change Dir: /root/workspace/Simulator-Instance/cmake/build/CMakeFiles/CMakeScratch/TryCompile-aowiWw

Run Build Command(s):/usr/bin/make -f Makefile cmTC_0b276/fast && /usr/bin/make  -f CMakeFiles/cmTC_0b276.dir/build.make CMakeFiles/cmTC_0b276.dir/build
make[1]: Entering directory '/root/workspace/Simulator-Instance/cmake/build/CMakeFiles/CMakeScratch/TryCompile-aowiWw'
Building C object CMakeFiles/cmTC_0b276.dir/CheckFunctionExists.c.o
/usr/bin/cc   -DCHECK_FUNCTION_EXISTS=pthread_create -o CMakeFiles/cmTC_0b276.dir/CheckFunctionExists.c.o -c /root/workspace/Simulator-Instance/cmake/build/CMakeFiles/CMakeScratch/TryCompile-aowiWw/CheckFunctionExists.c
Linking C executable cmTC_0b276
/usr/local/bin/cmake -E cmake_link_script CMakeFiles/cmTC_0b276.dir/link.txt --verbose=1
/usr/bin/cc  -DCHECK_FUNCTION_EXISTS=pthread_create CMakeFiles/cmTC_0b276.dir/CheckFunctionExists.c.o -o cmTC_0b276  -lpthreads 
/usr/bin/ld: cannot find -lpthreads
collect2: error: ld returned 1 exit status
CMakeFiles/cmTC_0b276.dir/build.make:98: recipe for target 'cmTC_0b276' failed
make[1]: *** [cmTC_0b276] Error 1
make[1]: Leaving directory '/root/workspace/Simulator-Instance/cmake/build/CMakeFiles/CMakeScratch/TryCompile-aowiWw'
Makefile:127: recipe for target 'cmTC_0b276/fast' failed
make: *** [cmTC_0b276/fast] Error 2



Performing C SOURCE FILE Test CMAKE_HAVE_LIBC_PTHREAD failed with the following output:
Change Dir: /root/workspace/keti/Simulator-Instance/cmake/build/CMakeFiles/CMakeScratch/TryCompile-PLPqzF

Run Build Command(s):/usr/bin/make -f Makefile cmTC_1dfbd/fast && /usr/bin/make  -f CMakeFiles/cmTC_1dfbd.dir/build.make CMakeFiles/cmTC_1dfbd.dir/build
make[1]: Entering directory '/root/workspace/keti/Simulator-Instance/cmake/build/CMakeFiles/CMakeScratch/TryCompile-PLPqzF'
Building C object CMakeFiles/cmTC_1dfbd.dir/src.c.o
/usr/bin/cc -DCMAKE_HAVE_LIBC_PTHREAD   -o CMakeFiles/cmTC_1dfbd.dir/src.c.o -c /root/workspace/keti/Simulator-Instance/cmake/build/CMakeFiles/CMakeScratch/TryCompile-PLPqzF/src.c
Linking C executable cmTC_1dfbd
/usr/local/bin/cmake -E cmake_link_script CMakeFiles/cmTC_1dfbd.dir/link.txt --verbose=1
/usr/bin/cc CMakeFiles/cmTC_1dfbd.dir/src.c.o -o cmTC_1dfbd 
CMakeFiles/cmTC_1dfbd.dir/src.c.o: In function `main':
src.c:(.text+0x3e): undefined reference to `pthread_create'
src.c:(.text+0x4a): undefined reference to `pthread_detach'
src.c:(.text+0x56): undefined reference to `pthread_cancel'
src.c:(.text+0x67): undefined reference to `pthread_join'
src.c:(.text+0x7b): undefined reference to `pthread_atfork'
collect2: error: ld returned 1 exit status
CMakeFiles/cmTC_1dfbd.dir/build.make:98: recipe for target 'cmTC_1dfbd' failed
make[1]: *** [cmTC_1dfbd] Error 1
make[1]: Leaving directory '/root/workspace/keti/Simulator-Instance/cmake/build/CMakeFiles/CMakeScratch/TryCompile-PLPqzF'
Makefile:127: recipe for target 'cmTC_1dfbd/fast' failed
make: *** [cmTC_1dfbd/fast] Error 2


Source file was:
#include <pthread.h>

static void* test_func(void* data)
{
  return data;
}

int main(void)
{
  pthread_t thread;
  pthread_create(&thread, NULL, test_func, NULL);
  pthread_detach(thread);
  pthread_cancel(thread);
  pthread_join(thread, NULL);
  pthread_atfork(NULL, NULL, NULL);
  pthread_exit(NULL);

  return 0;
}


Determining if the function pthread_create exists in the pthreads failed with the following output:
Change Dir: /root/workspace/keti/Simulator-Instance/cmake/build/CMakeFiles/CMakeScratch/TryCompile-vTcy9e

Run Build Command(s):/usr/bin/make -f Makefile cmTC_9d7bd/fast && /usr/bin/make  -f CMakeFiles/cmTC_9d7bd.dir/build.make CMakeFiles/cmTC_9d7bd.dir/build
make[1]: Entering directory '/root/workspace/keti/Simulator-Instance/cmake/build/CMakeFiles/CMakeScratch/TryCompile-vTcy9e'
Building C object CMakeFiles/cmTC_9d7bd.dir/CheckFunctionExists.c.o
/usr/bin/cc   -DCHECK_FUNCTION_EXISTS=pthread_create -o CMakeFiles/cmTC_9d7bd.dir/CheckFunctionExists.c.o -c /root/workspace/keti/Simulator-Instance/cmake/build/CMakeFiles/CMakeScratch/TryCompile-vTcy9e/CheckFunctionExists.c
Linking C executable cmTC_9d7bd
/usr/local/bin/cmake -E cmake_link_script CMakeFiles/cmTC_9d7bd.dir/link.txt --verbose=1
/usr/bin/cc  -DCHECK_FUNCTION_EXISTS=pthread_create CMakeFiles/cmTC_9d7bd.dir/CheckFunctionExists.c.o -o cmTC_9d7bd  -lpthreads 
/usr/bin/ld: cannot find -lpthreads
collect2: error: ld returned 1 exit status
CMakeFiles/cmTC_9d7bd.dir/build.make:98: recipe for target 'cmTC_9d7bd' failed
make[1]: *** [cmTC_9d7bd] Error 1
make[1]: Leaving directory '/root/workspace/keti/Simulator-Instance/cmake/build/CMakeFiles/CMakeScratch/TryCompile-vTcy9e'
Makefile:127: recipe for target 'cmTC_9d7bd/fast' failed
make: *** [cmTC_9d7bd/fast] Error 2



Performing C SOURCE FILE Test CMAKE_HAVE_LIBC_PTHREAD failed with the following output:
Change Dir: /root/workspace/keti/Validator-Instance/cmake/build/CMakeFiles/CMakeScratch/TryCompile-y6e5VY

Run Build Command(s):/usr/bin/make -f Makefile cmTC_51509/fast && /usr/bin/make  -f CMakeFiles/cmTC_51509.dir/build.make CMakeFiles/cmTC_51509.dir/build
make[1]: Entering directory '/root/workspace/keti/Validator-Instance/cmake/build/CMakeFiles/CMakeScratch/TryCompile-y6e5VY'
Building C object CMakeFiles/cmTC_51509.dir/src.c.o
/usr/bin/cc -DCMAKE_HAVE_LIBC_PTHREAD   -o CMakeFiles/cmTC_51509.dir/src.c.o -c /root/workspace/keti/Validator-Instance/cmake/build/CMakeFiles/CMakeScratch/TryCompile-y6e5VY/src.c
Linking C executable cmTC_51509
/usr/local/bin/cmake -E cmake_link_script CMakeFiles/cmTC_51509.dir/link.txt --verbose=1
/usr/bin/cc CMakeFiles/cmTC_51509.dir/src.c.o -o cmTC_51509 
CMakeFiles/cmTC_51509.dir/src.c.o: In function `main':
src.c:(.text+0x3e): undefined reference to `pthread_create'
src.c:(.text+0x4a): undefined reference to `pthread_detach'
src.c:(.text+0x56): undefined reference to `pthread_cancel'
src.c:(.text+0x67): undefined reference to `pthread_join'
src.c:(.text+0x7b): undefined reference to `pthread_atfork'
collect2: error: ld returned 1 exit status
CMakeFiles/cmTC_51509.dir/build.make:98: recipe for target 'cmTC_51509' failed
make[1]: *** [cmTC_51509] Error 1
make[1]: Leaving directory '/root/workspace/keti/Validator-Instance/cmake/build/CMakeFiles/CMakeScratch/TryCompile-y6e5VY'
Makefile:127: recipe for target 'cmTC_51509/fast' failed
make: *** [cmTC_51509/fast] Error 2


Source file was:
#include <pthread.h>

static void* test_func(void* data)
{
  return data;
}

int main(void)
{
  pthread_t thread;
  pthread_create(&thread, NULL, test_func, NULL);
  pthread_detach(thread);
  pthread_cancel(thread);
  pthread_join(thread, NULL);
  pthread_atfork(NULL, NULL, NULL);
  pthread_exit(NULL);

  return 0;
}


Determining if the function pthread_create exists in the pthreads failed with the following output:
Change Dir: /root/workspace/keti/Validator-Instance/cmake/build/CMakeFiles/CMakeScratch/TryCompile-4JPULJ

Run Build Command(s):/usr/bin/make -f Makefile cmTC_211a0/fast && /usr/bin/make  -f CMakeFiles/cmTC_211a0.dir/build.make CMakeFiles/cmTC_211a0.dir/build
make[1]: Entering directory '/root/workspace/keti/Validator-Instance/cmake/build/CMakeFiles/CMakeScratch/TryCompile-4JPULJ'
Building C object CMakeFiles/cmTC_211a0.dir/CheckFunctionExists.c.o
/usr/bin/cc   -DCHECK_FUNCTION_EXISTS=pthread_create -o CMakeFiles/cmTC_211a0.dir/CheckFunctionExists.c.o -c /root/workspace/keti/Validator-Instance/cmake/build/CMakeFiles/CMakeScratch/TryCompile-4JPULJ/CheckFunctionExists.c
Linking C executable cmTC_211a0
/usr/local/bin/cmake -E cmake_link_script CMakeFiles/cmTC_211a0.dir/link.txt --verbose=1
/usr/bin/cc  -DCHECK_FUNCTION_EXISTS=pthread_create CMakeFiles/cmTC_211a0.dir/CheckFunctionExists.c.o -o cmTC_211a0  -lpthreads 
/usr/bin/ld: cannot find -lpthreads
collect2: error: ld returned 1 exit status
CMakeFiles/cmTC_211a0.dir/build.make:98: recipe for target 'cmTC_211a0' failed
make[1]: *** [cmTC_211a0] Error 1
make[1]: Leaving directory '/root/workspace/keti/Validator-Instance/cmake/build/CMakeFiles/CMakeScratch/TryCompile-4JPULJ'
Makefile:127: recipe for target 'cmTC_211a0/fast' failed
make: *** [cmTC_211a0/fast] Error 2



Performing C SOURCE FILE Test CMAKE_HAVE_LIBC_PTHREAD failed with the following output:
Change Dir: /root/workspace/keti/Validator-Instance/cmake/build/CMakeFiles/CMakeScratch/TryCompile-gRsHQB

Run Build Command(s):/usr/bin/make -f Makefile cmTC_bd76f/fast && /usr/bin/make  -f CMakeFiles/cmTC_bd76f.dir/build.make CMakeFiles/cmTC_bd76f.dir/build
make[1]: Entering directory '/root/workspace/keti/Validator-Instance/cmake/build/CMakeFiles/CMakeScratch/TryCompile-gRsHQB'
Building C object CMakeFiles/cmTC_bd76f.dir/src.c.o
/usr/bin/cc -DCMAKE_HAVE_LIBC_PTHREAD   -o CMakeFiles/cmTC_bd76f.dir/src.c.o -c /root/workspace/keti/Validator-Instance/cmake/build/CMakeFiles/CMakeScratch/TryCompile-gRsHQB/src.c
Linking C executable cmTC_bd76f
/usr/local/bin/cmake -E cmake_link_script CMakeFiles/cmTC_bd76f.dir/link.txt --verbose=1
/usr/bin/cc CMakeFiles/cmTC_bd76f.dir/src.c.o -o cmTC_bd76f 
CMakeFiles/cmTC_bd76f.dir/src.c.o: In function `main':
src.c:(.text+0x3e): undefined reference to `pthread_create'
src.c:(.text+0x4a): undefined reference to `pthread_detach'
src.c:(.text+0x56): undefined reference to `pthread_cancel'
src.c:(.text+0x67): undefined reference to `pthread_join'
src.c:(.text+0x7b): undefined reference to `pthread_atfork'
collect2: error: ld returned 1 exit status
CMakeFiles/cmTC_bd76f.dir/build.make:98: recipe for target 'cmTC_bd76f' failed
make[1]: *** [cmTC_bd76f] Error 1
make[1]: Leaving directory '/root/workspace/keti/Validator-Instance/cmake/build/CMakeFiles/CMakeScratch/TryCompile-gRsHQB'
Makefile:127: recipe for target 'cmTC_bd76f/fast' failed
make: *** [cmTC_bd76f/fast] Error 2


Source file was:
#include <pthread.h>

static void* test_func(void* data)
{
  return data;
}

int main(void)
{
  pthread_t thread;
  pthread_create(&thread, NULL, test_func, NULL);
  pthread_detach(thread);
  pthread_cancel(thread);
  pthread_join(thread, NULL);
  pthread_atfork(NULL, NULL, NULL);
  pthread_exit(NULL);

  return 0;
}


Determining if the function pthread_create exists in the pthreads failed with the following output:
Change Dir: /root/workspace/keti/Validator-Instance/cmake/build/CMakeFiles/CMakeScratch/TryCompile-wxmCra

Run Build Command(s):/usr/bin/make -f Makefile cmTC_37b53/fast && /usr/bin/make  -f CMakeFiles/cmTC_37b53.dir/build.make CMakeFiles/cmTC_37b53.dir/build
make[1]: Entering directory '/root/workspace/keti/Validator-Instance/cmake/build/CMakeFiles/CMakeScratch/TryCompile-wxmCra'
Building C object CMakeFiles/cmTC_37b53.dir/CheckFunctionExists.c.o
/usr/bin/cc   -DCHECK_FUNCTION_EXISTS=pthread_create -o CMakeFiles/cmTC_37b53.dir/CheckFunctionExists.c.o -c /root/workspace/keti/Validator-Instance/cmake/build/CMakeFiles/CMakeScratch/TryCompile-wxmCra/CheckFunctionExists.c
Linking C executable cmTC_37b53
/usr/local/bin/cmake -E cmake_link_script CMakeFiles/cmTC_37b53.dir/link.txt --verbose=1
/usr/bin/cc  -DCHECK_FUNCTION_EXISTS=pthread_create CMakeFiles/cmTC_37b53.dir/CheckFunctionExists.c.o -o cmTC_37b53  -lpthreads 
/usr/bin/ld: cannot find -lpthreads
collect2: error: ld returned 1 exit status
CMakeFiles/cmTC_37b53.dir/build.make:98: recipe for target 'cmTC_37b53' failed
make[1]: *** [cmTC_37b53] Error 1
make[1]: Leaving directory '/root/workspace/keti/Validator-Instance/cmake/build/CMakeFiles/CMakeScratch/TryCompile-wxmCra'
Makefile:127: recipe for target 'cmTC_37b53/fast' failed
make: *** [cmTC_37b53/fast] Error 2



